/var/www/html/cwcmtest/docroot/index.php > GET / HTTP/2.0
/var/www/html/cwcmtest/docroot/index.php > GET /favicon.ico HTTP/2.0
/var/www/html/cwcmtest/docroot/index.php > GET / HTTP/2.0
/var/www/html/cwcmtest/docroot/cwcm/index.php > GET /cwcm/index.php HTTP/2.0
/var/www/html/cwcmtest/docroot/cwcm/cwcm_login.php > GET /cwcm/cwcm_login.php HTTP/2.0
/var/www/html/cwcmtest/docroot/assets/js/anti_keylogger.js > GET /assets/js/anti_keylogger.js?8.15 HTTP/2.0
/var/www/html/cwcmtest/docroot/assets/images/favicon.ico > GET /assets/images/favicon.ico HTTP/2.0
/var/www/html/cwcmtest/docroot/cwcm/cwcm_login.php > GET /cwcm/cwcm_login.php HTTP/2.0
/var/www/html/cwcmtest/docroot/index.php > GET /favicon.ico HTTP/2.0
/var/www/html/cwcmtest/docroot/cwcm/cwcm_login.php > GET /cwcm/cwcm_login.php HTTP/2.0
/var/www/html/cwcmtest/docroot/index.php > GET /favicon.ico HTTP/2.0
/var/www/html/cwcmtest/docroot/cwcm/cwcm_login.php > GET /cwcm/cwcm_login.php HTTP/2.0
/var/www/html/cwcmtest/docroot/cwcm/cwcm_login.php > GET /cwcm/cwcm_login.php HTTP/2.0
/var/www/html/cwcmtest/docroot/index.php > GET /favicon.ico HTTP/2.0
/var/www/html/cwcmtest/docroot/cwcm/cwcm_login.php > GET /cwcm/cwcm_login.php HTTP/2.0
/var/www/html/cwcmtest/docroot/index.php > GET /favicon.ico HTTP/2.0
/var/www/html/cwcmtest/docroot/cwcm/cwcm_login.php > GET /cwcm/cwcm_login.php HTTP/2.0
/var/www/html/cwcmtest/docroot/cwcm/cwcm_login.php > GET /cwcm/cwcm_login.php HTTP/2.0
/var/www/html/cwcmtest/docroot/cwcm/cwcm_login.php > GET /cwcm/cwcm_login.php HTTP/2.0
/var/www/html/cwcmtest/docroot/index.php > GET /favicon.ico HTTP/2.0
/var/www/html/cwcmtest/docroot/cwcm/cwcm_login.php > GET /cwcm/cwcm_login.php HTTP/2.0
/var/www/html/cwcmtest/docroot/assets/js/anti_keylogger.js > GET /assets/js/anti_keylogger.js?8.15 HTTP/2.0
/var/www/html/cwcmtest/docroot/assets/images/favicon.ico > GET /assets/images/favicon.ico HTTP/2.0
/var/www/html/cwcmtest/docroot/cwcm/cwcm_login.php > GET /cwcm/cwcm_login.php HTTP/2.0
/var/www/html/cwcmtest/docroot/assets/images/favicon.ico > GET /assets/images/favicon.ico HTTP/2.0
/var/www/html/cwcm/docroot/cwcm/cwcm_login.php > GET /cwcm/cwcm_login.php HTTP/2.0
/var/www/html/cwcm/docroot/cwcm/cwcm_login.php > GET /cwcm/cwcm_login.php HTTP/2.0
/var/www/html/cwcm/docroot/cwcm/cwcm_login.php > GET /cwcm/cwcm_login.php HTTP/2.0
/var/www/html/cwcm/docroot/cwcm/cwcm_login.php > GET /cwcm/cwcm_login.php HTTP/2.0
/var/www/html/cwcm/docroot/cwcm/cwcm_login.php > GET /cwcm/cwcm_login.php HTTP/2.0
/var/www/html/cwcm/docroot/cwcm/cwcm_login.php > GET /cwcm/cwcm_login.php HTTP/2.0
/var/www/html/cwcm/docroot/cwcm/cwcm_login.php > GET /cwcm/cwcm_login.php HTTP/2.0
/var/www/html/cwcm/docroot/cwcm/cwcm_login.php > GET /cwcm/cwcm_login.php HTTP/2.0
/var/www/html/cwcm/docroot/cwcm/cwcm_login.php > GET /cwcm/cwcm_login.php HTTP/2.0
/var/www/html/cwcm/docroot/cwcm/cwcm_login.php > GET /cwcm/cwcm_login.php HTTP/2.0
/var/www/html/cwcm/docroot/cwcm/cwcm_login.php > GET /cwcm/cwcm_login.php HTTP/2.0
/var/www/html/cwcm/docroot/cwcm/cwcm_login.php > GET /cwcm/cwcm_login.php HTTP/2.0
/var/www/html/cwcm/docroot/cwcm/cwcm_login.php > GET /cwcm/cwcm_login.php HTTP/2.0
/var/www/html/cwcm/docroot/cwcm/cwcm_login.php > GET /cwcm/cwcm_login.php HTTP/2.0
/var/www/html/cwcm/docroot/cwcm/cwcm_login.php > GET /cwcm/cwcm_login.php HTTP/2.0
/var/www/html/cwcm/docroot/cwcm/cwcm_login.php > GET /cwcm/cwcm_login.php HTTP/2.0
/var/www/html/cwcm/docroot/cwcm/cwcm_login.php > GET /cwcm/cwcm_login.php HTTP/2.0
/var/www/html/cwcm/docroot/cwcm/cwcm_login.php > GET /cwcm/cwcm_login.php HTTP/2.0
/var/www/html/cwcm/docroot/cwcm/cwcm_login.php > GET /cwcm/cwcm_login.php HTTP/2.0
/var/www/html/cwcm/docroot/cwcm/cwcm_login.php > GET /cwcm/cwcm_login.php HTTP/2.0
/var/www/html/cwcm/docroot/cwcm/cwcm_login.php > GET /cwcm/cwcm_login.php HTTP/2.0
/var/www/html/cwcm/docroot/cwcm/cwcm_login.php > GET /cwcm/cwcm_login.php HTTP/2.0
/var/www/html/cwcm/docroot/cwcm/cwcm_login.php > GET /cwcm/cwcm_login.php HTTP/2.0
/var/www/html/cwcmtest/docroot/cwcm/cwcm_login.php > GET /cwcm/cwcm_login.php HTTP/2.0
/var/www/html/cwcm/docroot/cwcm/cwcm_login.php > GET /cwcm/cwcm_login.php HTTP/2.0
/var/www/html/cwcm/docroot/cwcm/cwcm_login.php > GET /cwcm/cwcm_login.php HTTP/2.0
/var/www/html/cwcm/docroot/assets/js/anti_keylogger.js > GET /assets/js/anti_keylogger.js?8.15 HTTP/2.0
/var/www/html/cwcm/docroot/assets/images/favicon.ico > GET /assets/images/favicon.ico HTTP/2.0
/var/www/html/cwcmtest/docroot/cwcm/cwcm_login.php > GET /cwcm/cwcm_login.php HTTP/2.0
/var/www/html/cwcmtest/docroot/assets/images/favicon.ico > GET /assets/images/favicon.ico HTTP/2.0
/var/www/html/cwcm/docroot/cwcm/cwcm_login.php > GET /cwcm/cwcm_login.php HTTP/2.0
/var/www/html/cwcm/docroot/assets/images/favicon.ico > GET /assets/images/favicon.ico HTTP/2.0
